<?xml version="1.0" encoding="UTF-8"?>
<!-- Generated by org.testng.reporters.JUnitReportReporter -->
<testsuite name="Learn.AutoLoan" tests="3" time="0.011" ignored="0" failures="0" timestamp="15 Feb 2020 14:17:13 GMT" skipped="0" hostname="IN2102448W1" errors="0">
  <testcase name="LoginMobile" time="0.001" classname="Learn.AutoLoan"/>
  <testcase name="LoginAPI" time="0.001" classname="Learn.AutoLoan"/>
  <testcase name="LoginWeb" time="0.009" classname="Learn.AutoLoan"/>
</testsuite> <!-- Learn.AutoLoan -->
