<?xml version="1.0" encoding="UTF-8"?>
<!-- Generated by org.testng.reporters.JUnitReportReporter -->
<testsuite name="Learn.Newtestcase" tests="2" time="0.003" ignored="1" failures="0" timestamp="15 Feb 2020 14:15:15 GMT" skipped="0" hostname="IN2102448W1" errors="0">
  <testcase name="loanApproval" time="0.001" classname="Learn.Newtestcase"/>
  <testcase name="loan" time="0.002" classname="Learn.Newtestcase"/>
  <testcase name="LoginMobile" classname="Learn.GroupsExample">
    <skipped/>
  </testcase> <!-- LoginMobile -->
</testsuite> <!-- Learn.Newtestcase -->
