<?xml version="1.0" encoding="UTF-8"?>
<!-- Generated by org.testng.reporters.JUnitReportReporter -->
<testsuite name="Learn.AnnotationsTestNG" tests="2" time="0.011" ignored="0" failures="0" timestamp="15 Feb 2020 14:30:32 GMT" skipped="0" hostname="IN2102448W1" errors="0">
  <testcase name="TestCase1" time="0.009" classname="Learn.AnnotationsTestNG"/>
  <testcase name="TestCase2" time="0.002" classname="Learn.AnnotationsTestNG"/>
</testsuite> <!-- Learn.AnnotationsTestNG -->
