<?xml version="1.0" encoding="UTF-8"?>
<!-- Generated by org.testng.reporters.JUnitReportReporter -->
<testsuite name="Learn.DataProviderExample" tests="3" time="0.002" ignored="1" failures="0" timestamp="15 Feb 2020 14:15:15 GMT" skipped="0" hostname="IN2102448W1" errors="0">
  <testcase name="LoginWeb" time="0.001" classname="Learn.DataProviderExample"/>
  <testcase name="LoginWeb" time="0.000" classname="Learn.DataProviderExample"/>
  <testcase name="LoginWeb" time="0.001" classname="Learn.DataProviderExample"/>
  <testcase name="LoginMobile" classname="Learn.GroupsExample">
    <skipped/>
  </testcase> <!-- LoginMobile -->
</testsuite> <!-- Learn.DataProviderExample -->
