<?xml version="1.0" encoding="UTF-8"?>
<!-- Generated by org.testng.reporters.JUnitReportReporter -->
<testsuite name="Learn.HomeLoan" tests="3" time="0.012" ignored="0" failures="0" timestamp="15 Feb 2020 14:30:32 GMT" skipped="0" hostname="IN2102448W1" errors="0">
  <testcase name="LoginMobile" time="0.002" classname="Learn.HomeLoan"/>
  <testcase name="LoginWeb" time="0.002" classname="Learn.HomeLoan"/>
  <testcase name="LoginAPI" time="0.008" classname="Learn.HomeLoan"/>
</testsuite> <!-- Learn.HomeLoan -->
