<?xml version="1.0" encoding="UTF-8"?>
<!-- Generated by org.testng.reporters.JUnitReportReporter -->
<testsuite name="Learn.PropertiesGlobalVariables" tests="1" time="0.008" ignored="0" failures="0" timestamp="17 Feb 2020 06:08:19 GMT" skipped="0" hostname="IN2102448W1" errors="0">
  <testcase name="LoginApplication" time="0.008" classname="Learn.PropertiesGlobalVariables"/>
</testsuite> <!-- Learn.PropertiesGlobalVariables -->
