<?xml version="1.0" encoding="UTF-8"?>
<!-- Generated by org.testng.reporters.JUnitReportReporter -->
<testsuite name="Learn.GroupsExample" tests="2" time="0.005" ignored="1" failures="0" timestamp="15 Feb 2020 14:15:15 GMT" skipped="0" hostname="IN2102448W1" errors="0">
  <testcase name="LoginAPI" time="0.004" classname="Learn.GroupsExample"/>
  <testcase name="LoginWeb" time="0.001" classname="Learn.GroupsExample"/>
  <testcase name="LoginMobile" classname="Learn.GroupsExample">
    <skipped/>
  </testcase> <!-- LoginMobile -->
</testsuite> <!-- Learn.GroupsExample -->
